# JRE version: OpenJDK Runtime Environment (17.0.7) (build 17.0.7+0-b2043.56-10550314)
# Java VM: OpenJDK 64-Bit Server VM (17.0.7+0-b2043.56-10550314, mixed mode, tiered, compressed oops, compressed class ptrs, g1 gc, windows-amd64)
GC Precious Log:
 CPUs: 12 total, 12 available
 Memory: 16109M
 Large Page Support: Disabled
 NUMA Support: Disabled
 Compressed Oops: Enabled (32-bit)
 Heap Region Size: 1M
 Heap Min Capacity: 8M
 Heap Initial Capacity: 252M
 Heap Max Capacity: 2G
 Pre-touch: Disabled
 Parallel Workers: 10
 Concurrent Workers: 3
 Concurrent Refinement Workers: 10
 Periodic GC: Disabled
Heap:
 garbage-first heap   total 393216K, used 172985K [0x0000000080000000, 0x0000000100000000)
  region size 1024K, 37 young (37888K), 20 survivors (20480K)
 Metaspace       used 122927K, committed 123968K, reserved 1179648K
  class space    used 17026K, committed 17536K, reserved 1048576K
GC Heap History (20 events):
Event: 13.875 GC heap before
{Heap before GC invocations=30 (full 0):
 garbage-first heap   total 205824K, used 166239K [0x0000000080000000, 0x0000000100000000)
  region size 1024K, 64 young (65536K), 6 survivors (6144K)
 Metaspace       used 99203K, committed 100032K, reserved 1179648K
  class space    used 13791K, committed 14208K, reserved 1048576K
}
Event: 13.883 GC heap after
{Heap after GC invocations=31 (full 0):
 garbage-first heap   total 205824K, used 112516K [0x0000000080000000, 0x0000000100000000)
  region size 1024K, 5 young (5120K), 5 survivors (5120K)
 Metaspace       used 99203K, committed 100032K, reserved 1179648K
  class space    used 13791K, committed 14208K, reserved 1048576K
}
Event: 14.343 GC heap before
{Heap before GC invocations=32 (full 0):
 garbage-first heap   total 205824K, used 167812K [0x0000000080000000, 0x0000000100000000)
  region size 1024K, 60 young (61440K), 5 survivors (5120K)
 Metaspace       used 99415K, committed 100160K, reserved 1179648K
  class space    used 13800K, committed 14208K, reserved 1048576K
}
Event: 14.351 GC heap after
{Heap after GC invocations=33 (full 0):
 garbage-first heap   total 205824K, used 115462K [0x0000000080000000, 0x0000000100000000)
  region size 1024K, 8 young (8192K), 8 survivors (8192K)
 Metaspace       used 99415K, committed 100160K, reserved 1179648K
  class space    used 13800K, committed 14208K, reserved 1048576K
}
Event: 14.359 GC heap before
{Heap before GC invocations=33 (full 0):
 garbage-first heap   total 205824K, used 117510K [0x0000000080000000, 0x0000000100000000)
  region size 1024K, 10 young (10240K), 8 survivors (8192K)
 Metaspace       used 99419K, committed 100160K, reserved 1179648K
  class space    used 13800K, committed 14208K, reserved 1048576K
}
Event: 14.367 GC heap after
{Heap after GC invocations=34 (full 0):
 garbage-first heap   total 205824K, used 115931K [0x0000000080000000, 0x0000000100000000)
  region size 1024K, 2 young (2048K), 2 survivors (2048K)
 Metaspace       used 99419K, committed 100160K, reserved 1179648K
  class space    used 13800K, committed 14208K, reserved 1048576K
}
Event: 464.274 GC heap before
{Heap before GC invocations=34 (full 0):
 garbage-first heap   total 205824K, used 170203K [0x0000000080000000, 0x0000000100000000)
  region size 1024K, 56 young (57344K), 2 survivors (2048K)
 Metaspace       used 100584K, committed 101376K, reserved 1179648K
  class space    used 13949K, committed 14336K, reserved 1048576K
}
Event: 464.278 GC heap after
{Heap after GC invocations=35 (full 0):
 garbage-first heap   total 411648K, used 116698K [0x0000000080000000, 0x0000000100000000)
  region size 1024K, 2 young (2048K), 2 survivors (2048K)
 Metaspace       used 100584K, committed 101376K, reserved 1179648K
  class space    used 13949K, committed 14336K, reserved 1048576K
}
Event: 1387.415 GC heap before
{Heap before GC invocations=36 (full 0):
 garbage-first heap   total 393216K, used 322522K [0x0000000080000000, 0x0000000100000000)
  region size 1024K, 204 young (208896K), 2 survivors (2048K)
 Metaspace       used 102046K, committed 102848K, reserved 1179648K
  class space    used 13999K, committed 14400K, reserved 1048576K
}
Event: 1387.430 GC heap after
{Heap after GC invocations=37 (full 0):
 garbage-first heap   total 393216K, used 125914K [0x0000000080000000, 0x0000000100000000)
  region size 1024K, 11 young (11264K), 11 survivors (11264K)
 Metaspace       used 102046K, committed 102848K, reserved 1179648K
  class space    used 13999K, committed 14400K, reserved 1048576K
}
Event: 1387.550 GC heap before
{Heap before GC invocations=37 (full 0):
 garbage-first heap   total 393216K, used 133082K [0x0000000080000000, 0x0000000100000000)
  region size 1024K, 19 young (19456K), 11 survivors (11264K)
 Metaspace       used 102075K, committed 102848K, reserved 1179648K
  class space    used 13999K, committed 14400K, reserved 1048576K
}
Event: 1387.560 GC heap after
{Heap after GC invocations=38 (full 0):
 garbage-first heap   total 393216K, used 126561K [0x0000000080000000, 0x0000000100000000)
  region size 1024K, 2 young (2048K), 2 survivors (2048K)
 Metaspace       used 102075K, committed 102848K, reserved 1179648K
  class space    used 13999K, committed 14400K, reserved 1048576K
}
Event: 1493.484 GC heap before
{Heap before GC invocations=38 (full 0):
 garbage-first heap   total 393216K, used 229985K [0x0000000080000000, 0x0000000100000000)
  region size 1024K, 105 young (107520K), 2 survivors (2048K)
 Metaspace       used 102622K, committed 103424K, reserved 1179648K
  class space    used 14066K, committed 14464K, reserved 1048576K
}
Event: 1493.494 GC heap after
{Heap after GC invocations=39 (full 0):
 garbage-first heap   total 393216K, used 135991K [0x0000000080000000, 0x0000000100000000)
  region size 1024K, 12 young (12288K), 12 survivors (12288K)
 Metaspace       used 102622K, committed 103424K, reserved 1179648K
  class space    used 14066K, committed 14464K, reserved 1048576K
}
Event: 1956.539 GC heap before
{Heap before GC invocations=40 (full 0):
 garbage-first heap   total 393216K, used 326455K [0x0000000080000000, 0x0000000100000000)
  region size 1024K, 194 young (198656K), 12 survivors (12288K)
 Metaspace       used 109059K, committed 110080K, reserved 1179648K
  class space    used 14794K, committed 15296K, reserved 1048576K
}
Event: 1956.557 GC heap after
{Heap after GC invocations=41 (full 0):
 garbage-first heap   total 393216K, used 141113K [0x0000000080000000, 0x0000000100000000)
  region size 1024K, 17 young (17408K), 17 survivors (17408K)
 Metaspace       used 109059K, committed 110080K, reserved 1179648K
  class space    used 14794K, committed 15296K, reserved 1048576K
}
Event: 1956.595 GC heap before
{Heap before GC invocations=41 (full 0):
 garbage-first heap   total 393216K, used 143161K [0x0000000080000000, 0x0000000100000000)
  region size 1024K, 19 young (19456K), 17 survivors (17408K)
 Metaspace       used 109157K, committed 110144K, reserved 1179648K
  class space    used 14811K, committed 15296K, reserved 1048576K
}
Event: 1956.615 GC heap after
{Heap after GC invocations=42 (full 0):
 garbage-first heap   total 393216K, used 139825K [0x0000000080000000, 0x0000000100000000)
  region size 1024K, 3 young (3072K), 3 survivors (3072K)
 Metaspace       used 109157K, committed 110144K, reserved 1179648K
  class space    used 14811K, committed 15296K, reserved 1048576K
}
Event: 1983.541 GC heap before
{Heap before GC invocations=42 (full 0):
 garbage-first heap   total 393216K, used 318001K [0x0000000080000000, 0x0000000100000000)
  region size 1024K, 178 young (182272K), 3 survivors (3072K)
 Metaspace       used 120882K, committed 121920K, reserved 1179648K
  class space    used 16620K, committed 17152K, reserved 1048576K
}
Event: 1983.558 GC heap after
{Heap after GC invocations=43 (full 0):
 garbage-first heap   total 393216K, used 157625K [0x0000000080000000, 0x0000000100000000)
  region size 1024K, 20 young (20480K), 20 survivors (20480K)
 Metaspace       used 120882K, committed 121920K, reserved 1179648K
  class space    used 16620K, committed 17152K, reserved 1048576K
}

