# JRE version: OpenJDK Runtime Environment (17.0.7) (build 17.0.7+0-b2043.56-10550314)
# Java VM: OpenJDK 64-Bit Server VM (17.0.7+0-b2043.56-10550314, mixed mode, tiered, compressed oops, compressed class ptrs, g1 gc, windows-amd64)
GC Precious Log:
 CPUs: 12 total, 12 available
 Memory: 16109M
 Large Page Support: Disabled
 NUMA Support: Disabled
 Compressed Oops: Enabled (32-bit)
 Heap Region Size: 1M
 Heap Min Capacity: 8M
 Heap Initial Capacity: 252M
 Heap Max Capacity: 2G
 Pre-touch: Disabled
 Parallel Workers: 10
 Concurrent Workers: 3
 Concurrent Refinement Workers: 10
 Periodic GC: Disabled
Heap:
 garbage-first heap   total 258048K, used 164871K [0x0000000080000000, 0x0000000100000000)
  region size 1024K, 32 young (32768K), 9 survivors (9216K)
 Metaspace       used 129627K, committed 130560K, reserved 1179648K
  class space    used 18492K, committed 18944K, reserved 1048576K
GC Heap History (20 events):
Event: 52.997 GC heap before
{Heap before GC invocations=65 (full 0):
 garbage-first heap   total 196608K, used 170684K [0x0000000080000000, 0x0000000100000000)
  region size 1024K, 49 young (50176K), 3 survivors (3072K)
 Metaspace       used 106557K, committed 107456K, reserved 1179648K
  class space    used 14732K, committed 15168K, reserved 1048576K
}
Event: 53.002 GC heap after
{Heap after GC invocations=66 (full 0):
 garbage-first heap   total 196608K, used 121233K [0x0000000080000000, 0x0000000100000000)
  region size 1024K, 5 young (5120K), 5 survivors (5120K)
 Metaspace       used 106557K, committed 107456K, reserved 1179648K
  class space    used 14732K, committed 15168K, reserved 1048576K
}
Event: 53.836 GC heap before
{Heap before GC invocations=66 (full 0):
 garbage-first heap   total 196608K, used 166289K [0x0000000080000000, 0x0000000100000000)
  region size 1024K, 50 young (51200K), 5 survivors (5120K)
 Metaspace       used 112614K, committed 113472K, reserved 1179648K
  class space    used 15699K, committed 16128K, reserved 1048576K
}
Event: 53.846 GC heap after
{Heap after GC invocations=67 (full 0):
 garbage-first heap   total 196608K, used 123529K [0x0000000080000000, 0x0000000100000000)
  region size 1024K, 5 young (5120K), 5 survivors (5120K)
 Metaspace       used 112614K, committed 113472K, reserved 1179648K
  class space    used 15699K, committed 16128K, reserved 1048576K
}
Event: 54.497 GC heap before
{Heap before GC invocations=67 (full 0):
 garbage-first heap   total 196608K, used 165513K [0x0000000080000000, 0x0000000100000000)
  region size 1024K, 47 young (48128K), 5 survivors (5120K)
 Metaspace       used 118579K, committed 119488K, reserved 1179648K
  class space    used 16830K, committed 17280K, reserved 1048576K
}
Event: 54.510 GC heap after
{Heap after GC invocations=68 (full 0):
 garbage-first heap   total 196608K, used 125244K [0x0000000080000000, 0x0000000100000000)
  region size 1024K, 4 young (4096K), 4 survivors (4096K)
 Metaspace       used 118579K, committed 119488K, reserved 1179648K
  class space    used 16830K, committed 17280K, reserved 1048576K
}
Event: 54.896 GC heap before
{Heap before GC invocations=68 (full 0):
 garbage-first heap   total 196608K, used 167228K [0x0000000080000000, 0x0000000100000000)
  region size 1024K, 46 young (47104K), 4 survivors (4096K)
 Metaspace       used 122219K, committed 123136K, reserved 1179648K
  class space    used 17538K, committed 17984K, reserved 1048576K
}
Event: 54.902 GC heap after
{Heap after GC invocations=69 (full 0):
 garbage-first heap   total 196608K, used 128260K [0x0000000080000000, 0x0000000100000000)
  region size 1024K, 5 young (5120K), 5 survivors (5120K)
 Metaspace       used 122219K, committed 123136K, reserved 1179648K
  class space    used 17538K, committed 17984K, reserved 1048576K
}
Event: 55.423 GC heap before
{Heap before GC invocations=69 (full 0):
 garbage-first heap   total 196608K, used 147716K [0x0000000080000000, 0x0000000100000000)
  region size 1024K, 26 young (26624K), 5 survivors (5120K)
 Metaspace       used 123439K, committed 124288K, reserved 1179648K
  class space    used 17736K, committed 18176K, reserved 1048576K
}
Event: 55.429 GC heap after
{Heap after GC invocations=70 (full 0):
 garbage-first heap   total 196608K, used 126434K [0x0000000080000000, 0x0000000100000000)
  region size 1024K, 2 young (2048K), 2 survivors (2048K)
 Metaspace       used 123439K, committed 124288K, reserved 1179648K
  class space    used 17736K, committed 18176K, reserved 1048576K
}
Event: 56.791 GC heap before
{Heap before GC invocations=71 (full 0):
 garbage-first heap   total 215040K, used 167394K [0x0000000080000000, 0x0000000100000000)
  region size 1024K, 43 young (44032K), 2 survivors (2048K)
 Metaspace       used 126524K, committed 127360K, reserved 1179648K
  class space    used 18212K, committed 18624K, reserved 1048576K
}
Event: 56.796 GC heap after
{Heap after GC invocations=72 (full 0):
 garbage-first heap   total 215040K, used 129223K [0x0000000080000000, 0x0000000100000000)
  region size 1024K, 5 young (5120K), 5 survivors (5120K)
 Metaspace       used 126524K, committed 127360K, reserved 1179648K
  class space    used 18212K, committed 18624K, reserved 1048576K
}
Event: 56.920 GC heap before
{Heap before GC invocations=72 (full 0):
 garbage-first heap   total 215040K, used 151751K [0x0000000080000000, 0x0000000100000000)
  region size 1024K, 10 young (10240K), 5 survivors (5120K)
 Metaspace       used 127108K, committed 127936K, reserved 1179648K
  class space    used 18290K, committed 18688K, reserved 1048576K
}
Event: 56.926 GC heap after
{Heap after GC invocations=73 (full 0):
 garbage-first heap   total 215040K, used 129105K [0x0000000080000000, 0x0000000100000000)
  region size 1024K, 1 young (1024K), 1 survivors (1024K)
 Metaspace       used 127108K, committed 127936K, reserved 1179648K
  class space    used 18290K, committed 18688K, reserved 1048576K
}
Event: 1634.456 GC heap before
{Heap before GC invocations=73 (full 0):
 garbage-first heap   total 215040K, used 182353K [0x0000000080000000, 0x0000000100000000)
  region size 1024K, 54 young (55296K), 1 survivors (1024K)
 Metaspace       used 128293K, committed 129152K, reserved 1179648K
  class space    used 18429K, committed 18816K, reserved 1048576K
}
Event: 1634.476 GC heap after
{Heap after GC invocations=74 (full 0):
 garbage-first heap   total 258048K, used 129122K [0x0000000080000000, 0x0000000100000000)
  region size 1024K, 1 young (1024K), 1 survivors (1024K)
 Metaspace       used 128293K, committed 129152K, reserved 1179648K
  class space    used 18429K, committed 18816K, reserved 1048576K
}
Event: 3233.152 GC heap before
{Heap before GC invocations=74 (full 0):
 garbage-first heap   total 258048K, used 220258K [0x0000000080000000, 0x0000000100000000)
  region size 1024K, 91 young (93184K), 1 survivors (1024K)
 Metaspace       used 128969K, committed 129856K, reserved 1179648K
  class space    used 18453K, committed 18880K, reserved 1048576K
}
Event: 3233.163 GC heap after
{Heap after GC invocations=75 (full 0):
 garbage-first heap   total 258048K, used 135367K [0x0000000080000000, 0x0000000100000000)
  region size 1024K, 7 young (7168K), 7 survivors (7168K)
 Metaspace       used 128969K, committed 129856K, reserved 1179648K
  class space    used 18453K, committed 18880K, reserved 1048576K
}
Event: 3244.735 GC heap before
{Heap before GC invocations=75 (full 0):
 garbage-first heap   total 258048K, used 216263K [0x0000000080000000, 0x0000000100000000)
  region size 1024K, 87 young (89088K), 7 survivors (7168K)
 Metaspace       used 129469K, committed 130432K, reserved 1179648K
  class space    used 18489K, committed 18944K, reserved 1048576K
}
Event: 3244.788 GC heap after
{Heap after GC invocations=76 (full 0):
 garbage-first heap   total 258048K, used 143367K [0x0000000080000000, 0x0000000100000000)
  region size 1024K, 9 young (9216K), 9 survivors (9216K)
 Metaspace       used 129469K, committed 130432K, reserved 1179648K
  class space    used 18489K, committed 18944K, reserved 1048576K
}

